<?xml version="1.0" encoding="UTF-8"?>
<!-- Generated by org.testng.reporters.JUnitReportReporter -->
<testsuite hostname="LAPTOP-B5CDMG9H" name="org.LennvoxRun" tests="3" failures="0" timestamp="6 Apr 2021 09:00:55 GMT" time="157.252" errors="0">
  <testcase name="testRun" time="51.310" classname="org.LennvoxRun"/>
  <testcase name="testRun" time="48.979" classname="org.LennvoxRun"/>
  <testcase name="testRun" time="56.963" classname="org.LennvoxRun"/>
</testsuite> <!-- org.LennvoxRun -->
